JParser_1b58.java:2: package org.antlr.runtime does not exist
    import org.antlr.runtime.*;
    ^
JParser_1b58.java:4: package org.json does not exist
    import org.json.*;
    ^
JParser_1b58.java:108: package org.antlr.runtime does not exist
        public String policy(String pxl) throws org.antlr.runtime.RecognitionException {
                                                                 ^
JParser_1b58.java:111: package org.antlr.runtime does not exist
                org.antlr.runtime.ANTLRStringStream input = new org.antlr.runtime.ANTLRStringStream(pxl);
                                 ^
JParser_1b58.java:111: package org.antlr.runtime does not exist
                org.antlr.runtime.ANTLRStringStream input = new org.antlr.runtime.ANTLRStringStream(pxl);
                                                                                 ^
JParser_1b58.java:112: cannot find symbol
symbol  : class RuleSetLexer
location: package com.kynetx
                com.kynetx.RuleSetLexer lexer = new com.kynetx.PersonalChannelPolicyLexer(input);
                          ^
JParser_1b58.java:112: cannot access org.antlr.runtime.Lexer
class file for org.antlr.runtime.Lexer not found
                com.kynetx.RuleSetLexer lexer = new com.kynetx.PersonalChannelPolicyLexer(input);
                                                ^
JParser_1b58.java:113: cannot find symbol
symbol  : class CommonTokenStream
location: class Antlr_
                CommonTokenStream tokens = new CommonTokenStream(lexer);
                ^
JParser_1b58.java:113: cannot find symbol
symbol  : class CommonTokenStream
location: class Antlr_
                CommonTokenStream tokens = new CommonTokenStream(lexer);
                                               ^
JParser_1b58.java:114: cannot find symbol
symbol  : class RuleSetParser
location: package com.kynetx
                com.kynetx.RuleSetParser parser = new com.kynetx.PersonalChannelPolicyParser(tokens);
                          ^
JParser_1b58.java:114: cannot access org.antlr.runtime.debug.DebugParser
class file for org.antlr.runtime.debug.DebugParser not found
                com.kynetx.RuleSetParser parser = new com.kynetx.PersonalChannelPolicyParser(tokens);
                                                  ^
JParser_1b58.java:117: cannot find symbol
symbol  : class JSONObject
location: class Antlr_
                JSONObject js = new JSONObject(parser.policy);
                ^
JParser_1b58.java:117: cannot find symbol
symbol  : class JSONObject
location: class Antlr_
                JSONObject js = new JSONObject(parser.policy);
                                    ^
JParser_1b58.java:124: cannot find symbol
symbol  : class JSONObject
location: class Antlr_
                    JSONObject error = new JSONObject(map);
                    ^
JParser_1b58.java:124: cannot find symbol
symbol  : class JSONObject
location: class Antlr_
                    JSONObject error = new JSONObject(map);
                                           ^
Note: JParser_1b58.java uses unchecked or unsafe operations.
Note: Recompile with -Xlint:unchecked for details.
15 errors
